{"numTotalTestSuites":21,"numPassedTestSuites":21,"numFailedTestSuites":0,"numPendingTestSuites":0,"numTotalTests":43,"numPassedTests":43,"numFailedTests":0,"numPendingTests":0,"numTodoTests":0,"snapshot":{"added":0,"failure":false,"filesAdded":0,"filesRemoved":0,"filesRemovedList":[],"filesUnmatched":0,"filesUpdated":0,"matched":0,"total":0,"unchecked":0,"uncheckedKeysByFile":[],"unmatched":0,"updated":0,"didUpdate":false},"startTime":1772815407661,"success":true,"testResults":[{"assertionResults":[{"ancestorTitles":["Spec scenarios: web/api-runtime-config"],"fullName":"Spec scenarios: web/api-runtime-config Development fallback works for local iteration","status":"passed","title":"Development fallback works for local iteration","duration":2.4188999999996668,"failureMessages":[],"meta":{}},{"ancestorTitles":["Spec scenarios: web/api-runtime-config"],"fullName":"Spec scenarios: web/api-runtime-config Production uses configured API URL","status":"passed","title":"Production uses configured API URL","duration":1.0680999999999585,"failureMessages":[],"meta":{}},{"ancestorTitles":["Spec scenarios: web/api-runtime-config"],"fullName":"Spec scenarios: web/api-runtime-config Missing production variable triggers explicit error","status":"passed","title":"Missing production variable triggers explicit error","duration":1.5747999999998683,"failureMessages":[],"meta":{}},{"ancestorTitles":["Spec scenarios: web/api-runtime-config"],"fullName":"Spec scenarios: web/api-runtime-config Invalid production URL is rejected","status":"passed","title":"Invalid production URL is rejected","duration":0.8088000000002467,"failureMessages":[],"meta":{}},{"ancestorTitles":["Spec scenarios: web/api-runtime-config"],"fullName":"Spec scenarios: web/api-runtime-config Build injects public API URL correctly","status":"passed","title":"Build injects public API URL correctly","duration":0.5878999999999905,"failureMessages":[],"meta":{}},{"ancestorTitles":["Spec scenarios: web/api-runtime-config"],"fullName":"Spec scenarios: web/api-runtime-config Production build without VITE_API_URL fails early","status":"passed","title":"Production build without VITE_API_URL fails early","duration":0.37210000000004584,"failureMessages":[],"meta":{}},{"ancestorTitles":["Spec scenarios: operations/release-rollout"],"fullName":"Spec scenarios: operations/release-rollout Root package exposes baseline commands from repo root","status":"passed","title":"Root package exposes baseline commands from repo root","duration":2.4605999999998858,"failureMessages":[],"meta":{}},{"ancestorTitles":["Spec scenarios: operations/release-rollout"],"fullName":"Spec scenarios: operations/release-rollout Ahead local branch is synchronized before release","status":"passed","title":"Ahead local branch is synchronized before release","duration":0.6714999999999236,"failureMessages":[],"meta":{}},{"ancestorTitles":["Spec scenarios: operations/release-rollout"],"fullName":"Spec scenarios: operations/release-rollout Deployment is blocked on unsynchronized source","status":"passed","title":"Deployment is blocked on unsynchronized source","duration":0.4942000000000917,"failureMessages":[],"meta":{}},{"ancestorTitles":["Spec scenarios: operations/release-rollout"],"fullName":"Spec scenarios: operations/release-rollout Smoke test validates production API host","status":"passed","title":"Smoke test validates production API host","duration":0.33479999999963184,"failureMessages":[],"meta":{}},{"ancestorTitles":["Spec scenarios: operations/release-rollout"],"fullName":"Spec scenarios: operations/release-rollout Host mismatch triggers rollback decision","status":"passed","title":"Host mismatch triggers rollback decision","duration":0.2737000000001899,"failureMessages":[],"meta":{}},{"ancestorTitles":["Spec scenarios: operations/release-rollout"],"fullName":"Spec scenarios: operations/release-rollout Team follows updated checklist","status":"passed","title":"Team follows updated checklist","duration":0.213799999999992,"failureMessages":[],"meta":{}},{"ancestorTitles":["Spec scenarios: operations/release-rollout"],"fullName":"Spec scenarios: operations/release-rollout Missing checklist item is treated as process defect","status":"passed","title":"Missing checklist item is treated as process defect","duration":0.2215000000001055,"failureMessages":[],"meta":{}},{"ancestorTitles":["Spec scenarios: operations/release-rollout"],"fullName":"Spec scenarios: operations/release-rollout README documents the root baseline and smoke commands plus readiness gate","status":"passed","title":"README documents the root baseline and smoke commands plus readiness gate","duration":0.720299999999952,"failureMessages":[],"meta":{}}],"startTime":1772815483446,"endTime":1772815483458.7202,"status":"passed","message":"","name":"D:/Proyectos/polla-ui/apps/web/api.config.test.ts"},{"assertionResults":[{"ancestorTitles":["buildRoutes"],"fullName":"buildRoutes excludes development-only routes by default","status":"passed","title":"excludes development-only routes by default","duration":11.565499999998792,"failureMessages":[],"meta":{}},{"ancestorTitles":["buildRoutes"],"fullName":"buildRoutes includes development-only routes when explicitly enabled","status":"passed","title":"includes development-only routes when explicitly enabled","duration":1.9017000000003463,"failureMessages":[],"meta":{}},{"ancestorTitles":["resolveDevelopmentSurfaceFlags"],"fullName":"resolveDevelopmentSurfaceFlags enables dev routes automatically in development mode","status":"passed","title":"enables dev routes automatically in development mode","duration":3.339700000000448,"failureMessages":[],"meta":{}},{"ancestorTitles":["resolveDevelopmentSurfaceFlags"],"fullName":"resolveDevelopmentSurfaceFlags allows explicit non-production opt-in outside development","status":"passed","title":"allows explicit non-production opt-in outside development","duration":0.6767999999992753,"failureMessages":[],"meta":{}},{"ancestorTitles":["resolveDevelopmentSurfaceFlags"],"fullName":"resolveDevelopmentSurfaceFlags keeps dev routes disabled in production even with an override flag","status":"passed","title":"keeps dev routes disabled in production even with an override flag","duration":0.994699999999284,"failureMessages":[],"meta":{}}],"startTime":1772815499928,"endTime":1772815499947.9946,"status":"passed","message":"","name":"D:/Proyectos/polla-ui/apps/web/router.test.tsx"},{"assertionResults":[{"ancestorTitles":["league.adapters"],"fullName":"league.adapters normalizes the rich create-league wizard payload to the MVP backend DTO","status":"passed","title":"normalizes the rich create-league wizard payload to the MVP backend DTO","duration":4.101599999999962,"failureMessages":[],"meta":{}},{"ancestorTitles":["league.adapters"],"fullName":"league.adapters maps backend league list items to a stable frontend context","status":"passed","title":"maps backend league list items to a stable frontend context","duration":114.31169999999975,"failureMessages":[],"meta":{}},{"ancestorTitles":["league.adapters"],"fullName":"league.adapters maps backend league details including members to the stable frontend context","status":"passed","title":"maps backend league details including members to the stable frontend context","duration":1.5108000000000175,"failureMessages":[],"meta":{}}],"startTime":1772815475261,"endTime":1772815475381.5107,"status":"passed","message":"","name":"D:/Proyectos/polla-ui/apps/web/stores/league.adapters.test.ts"},{"assertionResults":[{"ancestorTitles":["useLeagueStore"],"fullName":"useLeagueStore loads leagues and keeps a stable active league surface for the UI","status":"passed","title":"loads leagues and keeps a stable active league surface for the UI","duration":8.027799999999843,"failureMessages":[],"meta":{}},{"ancestorTitles":["useLeagueStore"],"fullName":"useLeagueStore normalizes create-league payloads before calling the backend","status":"passed","title":"normalizes create-league payloads before calling the backend","duration":2.812800000000152,"failureMessages":[],"meta":{}},{"ancestorTitles":["useLeagueStore"],"fullName":"useLeagueStore loads league details and upserts the normalized result into the store","status":"passed","title":"loads league details and upserts the normalized result into the store","duration":1.2469999999998436,"failureMessages":[],"meta":{}},{"ancestorTitles":["useLeagueStore"],"fullName":"useLeagueStore uses the backend join route/body and preserves existing state on failure","status":"passed","title":"uses the backend join route/body and preserves existing state on failure","duration":3.1562000000003536,"failureMessages":[],"meta":{}}],"startTime":1772815487237,"endTime":1772815487253.1562,"status":"passed","message":"","name":"D:/Proyectos/polla-ui/apps/web/stores/league.store.test.ts"},{"assertionResults":[{"ancestorTitles":["prediction.adapters"],"fullName":"prediction.adapters normalizes backend match fields for the UI, including flag fallback by country code","status":"passed","title":"normalizes backend match fields for the UI, including flag fallback by country code","duration":11.295100000000275,"failureMessages":[],"meta":{}},{"ancestorTitles":["prediction.adapters"],"fullName":"prediction.adapters keeps matches without predictions in a clean unsaved state","status":"passed","title":"keeps matches without predictions in a clean unsaved state","duration":2.480999999999767,"failureMessages":[],"meta":{}},{"ancestorTitles":["prediction.adapters"],"fullName":"prediction.adapters merges predictions by matchId and preserves earned points","status":"passed","title":"merges predictions by matchId and preserves earned points","duration":1.7500999999997475,"failureMessages":[],"meta":{}},{"ancestorTitles":["prediction.adapters"],"fullName":"prediction.adapters maps and ranks leaderboard rows from the backend response","status":"passed","title":"maps and ranks leaderboard rows from the backend response","duration":2.0384000000003653,"failureMessages":[],"meta":{}}],"startTime":1772815490741,"endTime":1772815490759.0383,"status":"passed","message":"","name":"D:/Proyectos/polla-ui/apps/web/stores/prediction.adapters.test.ts"},{"assertionResults":[{"ancestorTitles":["usePredictionStore"],"fullName":"usePredictionStore merges matches and predictions from the real backend endpoints","status":"passed","title":"merges matches and predictions from the real backend endpoints","duration":18.210399999999936,"failureMessages":[],"meta":{}},{"ancestorTitles":["usePredictionStore"],"fullName":"usePredictionStore loads and ranks leaderboard rows for the selected league","status":"passed","title":"loads and ranks leaderboard rows for the selected league","duration":8.350099999999657,"failureMessages":[],"meta":{}},{"ancestorTitles":["usePredictionStore"],"fullName":"usePredictionStore persists predictions using the backend DTO and marks them as saved on success","status":"passed","title":"persists predictions using the backend DTO and marks them as saved on success","duration":3.3815999999997075,"failureMessages":[],"meta":{}},{"ancestorTitles":["usePredictionStore"],"fullName":"usePredictionStore does not fake a saved prediction when the backend rejects the save","status":"passed","title":"does not fake a saved prediction when the backend rejects the save","duration":5.9068999999999505,"failureMessages":[],"meta":{}}],"startTime":1772815479627,"endTime":1772815479662.907,"status":"passed","message":"","name":"D:/Proyectos/polla-ui/apps/web/stores/prediction.store.test.ts"},{"assertionResults":[{"ancestorTitles":["Login view"],"fullName":"Login view submits credentials once and navigates to dashboard","status":"passed","title":"submits credentials once and navigates to dashboard","duration":929.8157999999967,"failureMessages":[],"meta":{}},{"ancestorTitles":["Login view"],"fullName":"Login view disables interactive controls while loading to avoid duplicate submit","status":"passed","title":"disables interactive controls while loading to avoid duplicate submit","duration":103.16000000000349,"failureMessages":[],"meta":{}},{"ancestorTitles":["Login view"],"fullName":"Login view toggles remember-me via checkbox and its label","status":"passed","title":"toggles remember-me via checkbox and its label","duration":123.38900000000285,"failureMessages":[],"meta":{}},{"ancestorTitles":["Login view"],"fullName":"Login view keeps legacy email autocomplete while using new password primitive","status":"passed","title":"keeps legacy email autocomplete while using new password primitive","duration":25.502699999997276,"failureMessages":[],"meta":{}},{"ancestorTitles":["normalizeCheckboxState"],"fullName":"normalizeCheckboxState resolves to deterministic boolean values","status":"passed","title":"resolves to deterministic boolean values","duration":0.6549000000013621,"failureMessages":[],"meta":{}}],"startTime":1772815459858,"endTime":1772815461040.6548,"status":"passed","message":"","name":"D:/Proyectos/polla-ui/apps/web/views/Login.test.tsx"},{"assertionResults":[{"ancestorTitles":["Predictions view"],"fullName":"Predictions view loads real matches for the active league and shows disabled placeholder sections for deferred features","status":"passed","title":"loads real matches for the active league and shows disabled placeholder sections for deferred features","duration":239.3699999999999,"failureMessages":[],"meta":{}},{"ancestorTitles":["Predictions view"],"fullName":"Predictions view saves predictions using the implemented store action","status":"passed","title":"saves predictions using the implemented store action","duration":289.1213000000007,"failureMessages":[],"meta":{}}],"startTime":1772815465799,"endTime":1772815466327.1213,"status":"passed","message":"","name":"D:/Proyectos/polla-ui/apps/web/views/Predictions.test.tsx"},{"assertionResults":[{"ancestorTitles":["Ranking view"],"fullName":"Ranking view loads leaderboard data for the active league and renders the ranked players","status":"passed","title":"loads leaderboard data for the active league and renders the ranked players","duration":109.12630000000081,"failureMessages":[],"meta":{}},{"ancestorTitles":["Ranking view"],"fullName":"Ranking view switches the active league through the implemented store action","status":"passed","title":"switches the active league through the implemented store action","duration":219.58080000000064,"failureMessages":[],"meta":{}}],"startTime":1772815471111,"endTime":1772815471439.5808,"status":"passed","message":"","name":"D:/Proyectos/polla-ui/apps/web/views/Ranking.test.tsx"}]}