{"numTotalTestSuites":24,"numPassedTestSuites":24,"numFailedTestSuites":0,"numPendingTestSuites":0,"numTotalTests":52,"numPassedTests":52,"numFailedTests":0,"numPendingTests":0,"numTodoTests":0,"snapshot":{"added":0,"failure":false,"filesAdded":0,"filesRemoved":0,"filesRemovedList":[],"filesUnmatched":0,"filesUpdated":0,"matched":0,"total":0,"unchecked":0,"uncheckedKeysByFile":[],"unmatched":0,"updated":0,"didUpdate":false},"startTime":1772824895006,"success":true,"testResults":[{"assertionResults":[{"ancestorTitles":["Spec scenarios: web/api-runtime-config"],"fullName":"Spec scenarios: web/api-runtime-config Development fallback works for local iteration","status":"passed","title":"Development fallback works for local iteration","duration":5.428200000000288,"failureMessages":[],"meta":{}},{"ancestorTitles":["Spec scenarios: web/api-runtime-config"],"fullName":"Spec scenarios: web/api-runtime-config Production uses configured API URL","status":"passed","title":"Production uses configured API URL","duration":2.651799999999639,"failureMessages":[],"meta":{}},{"ancestorTitles":["Spec scenarios: web/api-runtime-config"],"fullName":"Spec scenarios: web/api-runtime-config Missing production variable triggers explicit error","status":"passed","title":"Missing production variable triggers explicit error","duration":3.667000000000371,"failureMessages":[],"meta":{}},{"ancestorTitles":["Spec scenarios: web/api-runtime-config"],"fullName":"Spec scenarios: web/api-runtime-config Invalid production URL is rejected","status":"passed","title":"Invalid production URL is rejected","duration":1.9928999999992811,"failureMessages":[],"meta":{}},{"ancestorTitles":["Spec scenarios: web/api-runtime-config"],"fullName":"Spec scenarios: web/api-runtime-config Build injects public API URL correctly","status":"passed","title":"Build injects public API URL correctly","duration":1.5187999999998283,"failureMessages":[],"meta":{}},{"ancestorTitles":["Spec scenarios: web/api-runtime-config"],"fullName":"Spec scenarios: web/api-runtime-config Production build without VITE_API_URL fails early","status":"passed","title":"Production build without VITE_API_URL fails early","duration":1.070199999999204,"failureMessages":[],"meta":{}},{"ancestorTitles":["Spec scenarios: operations/release-rollout"],"fullName":"Spec scenarios: operations/release-rollout Root package exposes baseline commands from repo root","status":"passed","title":"Root package exposes baseline commands from repo root","duration":6.667599999999766,"failureMessages":[],"meta":{}},{"ancestorTitles":["Spec scenarios: operations/release-rollout"],"fullName":"Spec scenarios: operations/release-rollout Ahead local branch is synchronized before release","status":"passed","title":"Ahead local branch is synchronized before release","duration":1.596599999999853,"failureMessages":[],"meta":{}},{"ancestorTitles":["Spec scenarios: operations/release-rollout"],"fullName":"Spec scenarios: operations/release-rollout Deployment is blocked on unsynchronized source","status":"passed","title":"Deployment is blocked on unsynchronized source","duration":1.1531000000004497,"failureMessages":[],"meta":{}},{"ancestorTitles":["Spec scenarios: operations/release-rollout"],"fullName":"Spec scenarios: operations/release-rollout Smoke test validates production API host","status":"passed","title":"Smoke test validates production API host","duration":0.9071999999996478,"failureMessages":[],"meta":{}},{"ancestorTitles":["Spec scenarios: operations/release-rollout"],"fullName":"Spec scenarios: operations/release-rollout Host mismatch triggers rollback decision","status":"passed","title":"Host mismatch triggers rollback decision","duration":0.7436999999999898,"failureMessages":[],"meta":{}},{"ancestorTitles":["Spec scenarios: operations/release-rollout"],"fullName":"Spec scenarios: operations/release-rollout Team follows updated checklist","status":"passed","title":"Team follows updated checklist","duration":0.4750000000003638,"failureMessages":[],"meta":{}},{"ancestorTitles":["Spec scenarios: operations/release-rollout"],"fullName":"Spec scenarios: operations/release-rollout Missing checklist item is treated as process defect","status":"passed","title":"Missing checklist item is treated as process defect","duration":0.4247000000004846,"failureMessages":[],"meta":{}},{"ancestorTitles":["Spec scenarios: operations/release-rollout"],"fullName":"Spec scenarios: operations/release-rollout README documents the root baseline and smoke commands plus readiness gate","status":"passed","title":"README documents the root baseline and smoke commands plus readiness gate","duration":1.491399999999885,"failureMessages":[],"meta":{}}],"startTime":1772825029131,"endTime":1772825029162.4915,"status":"passed","message":"","name":"D:/Proyectos/polla-ui/apps/web/api.config.test.ts"},{"assertionResults":[{"ancestorTitles":["buildRoutes"],"fullName":"buildRoutes excludes development-only routes by default","status":"passed","title":"excludes development-only routes by default","duration":23.106700000000274,"failureMessages":[],"meta":{}},{"ancestorTitles":["buildRoutes"],"fullName":"buildRoutes includes development-only routes when explicitly enabled","status":"passed","title":"includes development-only routes when explicitly enabled","duration":4.47899999999936,"failureMessages":[],"meta":{}},{"ancestorTitles":["resolveDevelopmentSurfaceFlags"],"fullName":"resolveDevelopmentSurfaceFlags enables dev routes automatically in development mode","status":"passed","title":"enables dev routes automatically in development mode","duration":8.633900000000722,"failureMessages":[],"meta":{}},{"ancestorTitles":["resolveDevelopmentSurfaceFlags"],"fullName":"resolveDevelopmentSurfaceFlags allows explicit non-production opt-in outside development","status":"passed","title":"allows explicit non-production opt-in outside development","duration":1.502599999999802,"failureMessages":[],"meta":{}},{"ancestorTitles":["resolveDevelopmentSurfaceFlags"],"fullName":"resolveDevelopmentSurfaceFlags keeps dev routes disabled in production even with an override flag","status":"passed","title":"keeps dev routes disabled in production even with an override flag","duration":3.483299999999872,"failureMessages":[],"meta":{}}],"startTime":1772825059529,"endTime":1772825059573.4834,"status":"passed","message":"","name":"D:/Proyectos/polla-ui/apps/web/router.test.tsx"},{"assertionResults":[{"ancestorTitles":["league.adapters"],"fullName":"league.adapters normalizes the rich create-league wizard payload to the MVP backend DTO","status":"passed","title":"normalizes the rich create-league wizard payload to the MVP backend DTO","duration":7.287099999999555,"failureMessages":[],"meta":{}},{"ancestorTitles":["league.adapters"],"fullName":"league.adapters maps backend league list items to a stable frontend context","status":"passed","title":"maps backend league list items to a stable frontend context","duration":143.68179999999938,"failureMessages":[],"meta":{}},{"ancestorTitles":["league.adapters"],"fullName":"league.adapters maps backend league details including members to the stable frontend context","status":"passed","title":"maps backend league details including members to the stable frontend context","duration":1.755300000000716,"failureMessages":[],"meta":{}}],"startTime":1772825016509,"endTime":1772825016662.7554,"status":"passed","message":"","name":"D:/Proyectos/polla-ui/apps/web/stores/league.adapters.test.ts"},{"assertionResults":[{"ancestorTitles":["useLeagueStore"],"fullName":"useLeagueStore loads leagues and keeps a stable active league surface for the UI","status":"passed","title":"loads leagues and keeps a stable active league surface for the UI","duration":34.29609999999957,"failureMessages":[],"meta":{}},{"ancestorTitles":["useLeagueStore"],"fullName":"useLeagueStore normalizes create-league payloads before calling the backend","status":"passed","title":"normalizes create-league payloads before calling the backend","duration":18.15179999999964,"failureMessages":[],"meta":{}},{"ancestorTitles":["useLeagueStore"],"fullName":"useLeagueStore loads league details and upserts the normalized result into the store","status":"passed","title":"loads league details and upserts the normalized result into the store","duration":12.329799999999523,"failureMessages":[],"meta":{}},{"ancestorTitles":["useLeagueStore"],"fullName":"useLeagueStore uses the backend join route/body and preserves existing state on failure","status":"passed","title":"uses the backend join route/body and preserves existing state on failure","duration":50.17250000000058,"failureMessages":[],"meta":{}}],"startTime":1772825080343,"endTime":1772825080459.1726,"status":"passed","message":"","name":"D:/Proyectos/polla-ui/apps/web/stores/league.store.test.ts"},{"assertionResults":[{"ancestorTitles":["prediction.adapters"],"fullName":"prediction.adapters normalizes backend match fields for the UI, including flag fallback by country code","status":"passed","title":"normalizes backend match fields for the UI, including flag fallback by country code","duration":25.67410000000018,"failureMessages":[],"meta":{}},{"ancestorTitles":["prediction.adapters"],"fullName":"prediction.adapters keeps matches without predictions in a clean unsaved state","status":"passed","title":"keeps matches without predictions in a clean unsaved state","duration":4.5461999999997715,"failureMessages":[],"meta":{}},{"ancestorTitles":["prediction.adapters"],"fullName":"prediction.adapters merges predictions by matchId and preserves earned points","status":"passed","title":"merges predictions by matchId and preserves earned points","duration":12.049799999999777,"failureMessages":[],"meta":{}},{"ancestorTitles":["prediction.adapters"],"fullName":"prediction.adapters maps and ranks leaderboard rows from the backend response","status":"passed","title":"maps and ranks leaderboard rows from the backend response","duration":5.706900000000132,"failureMessages":[],"meta":{}}],"startTime":1772825036415,"endTime":1772825036463.7068,"status":"passed","message":"","name":"D:/Proyectos/polla-ui/apps/web/stores/prediction.adapters.test.ts"},{"assertionResults":[{"ancestorTitles":["usePredictionStore"],"fullName":"usePredictionStore merges matches and predictions from the real backend endpoints","status":"passed","title":"merges matches and predictions from the real backend endpoints","duration":20.575199999999313,"failureMessages":[],"meta":{}},{"ancestorTitles":["usePredictionStore"],"fullName":"usePredictionStore loads and ranks leaderboard rows for the selected league","status":"passed","title":"loads and ranks leaderboard rows for the selected league","duration":11.627800000000207,"failureMessages":[],"meta":{}},{"ancestorTitles":["usePredictionStore"],"fullName":"usePredictionStore persists predictions using the backend DTO and marks them as saved on success","status":"passed","title":"persists predictions using the backend DTO and marks them as saved on success","duration":5.02140000000054,"failureMessages":[],"meta":{}},{"ancestorTitles":["usePredictionStore"],"fullName":"usePredictionStore does not fake a saved prediction when the backend rejects the save","status":"passed","title":"does not fake a saved prediction when the backend rejects the save","duration":6.323699999999917,"failureMessages":[],"meta":{}}],"startTime":1772825022622,"endTime":1772825022666.3237,"status":"passed","message":"","name":"D:/Proyectos/polla-ui/apps/web/stores/prediction.store.test.ts"},{"assertionResults":[{"ancestorTitles":["Login view"],"fullName":"Login view submits credentials once and navigates to dashboard","status":"passed","title":"submits credentials once and navigates to dashboard","duration":1156.4726999999984,"failureMessages":[],"meta":{}},{"ancestorTitles":["Login view"],"fullName":"Login view disables interactive controls while loading to avoid duplicate submit","status":"passed","title":"disables interactive controls while loading to avoid duplicate submit","duration":112.5013999999992,"failureMessages":[],"meta":{}},{"ancestorTitles":["Login view"],"fullName":"Login view toggles remember-me via checkbox and its label","status":"passed","title":"toggles remember-me via checkbox and its label","duration":227.66899999999987,"failureMessages":[],"meta":{}},{"ancestorTitles":["Login view"],"fullName":"Login view keeps legacy email autocomplete while using new password primitive","status":"passed","title":"keeps legacy email autocomplete while using new password primitive","duration":34.95629999999983,"failureMessages":[],"meta":{}},{"ancestorTitles":["normalizeCheckboxState"],"fullName":"normalizeCheckboxState resolves to deterministic boolean values","status":"passed","title":"resolves to deterministic boolean values","duration":1.731499999999869,"failureMessages":[],"meta":{}}],"startTime":1772824993227,"endTime":1772824994761.7314,"status":"passed","message":"","name":"D:/Proyectos/polla-ui/apps/web/views/Login.test.tsx"},{"assertionResults":[{"ancestorTitles":["Predictions view"],"fullName":"Predictions view loads real matches for the active league and shows disabled placeholder sections for deferred features","status":"passed","title":"loads real matches for the active league and shows disabled placeholder sections for deferred features","duration":506.14969999999994,"failureMessages":[],"meta":{}},{"ancestorTitles":["Predictions view"],"fullName":"Predictions view saves predictions using the implemented store action","status":"passed","title":"saves predictions using the implemented store action","duration":509.3638000000001,"failureMessages":[],"meta":{}}],"startTime":1772825001779,"endTime":1772825002795.3638,"status":"passed","message":"","name":"D:/Proyectos/polla-ui/apps/web/views/Predictions.test.tsx"},{"assertionResults":[{"ancestorTitles":["Ranking view"],"fullName":"Ranking view loads leaderboard data for the active league and renders the ranked players","status":"passed","title":"loads leaderboard data for the active league and renders the ranked players","duration":271.73199999999997,"failureMessages":[],"meta":{}},{"ancestorTitles":["Ranking view"],"fullName":"Ranking view switches the active league through the implemented store action","status":"passed","title":"switches the active league through the implemented store action","duration":444.58439999999973,"failureMessages":[],"meta":{}}],"startTime":1772825009726,"endTime":1772825010443.5845,"status":"passed","message":"","name":"D:/Proyectos/polla-ui/apps/web/views/Ranking.test.tsx"},{"assertionResults":[{"ancestorTitles":["Register avatar capture"],"fullName":"Register avatar capture shows separate visible actions for taking a photo or choosing a file on step 3","status":"passed","title":"shows separate visible actions for taking a photo or choosing a file on step 3","duration":3528.0229000000036,"failureMessages":[],"meta":{}},{"ancestorTitles":["Register avatar capture"],"fullName":"Register avatar capture configures the hidden mobile camera input with image capture settings","status":"passed","title":"configures the hidden mobile camera input with image capture settings","duration":3284.289300000004,"failureMessages":[],"meta":{}},{"ancestorTitles":["Register avatar capture"],"fullName":"Register avatar capture reuses the same preview state when selecting an image from camera or gallery","status":"passed","title":"reuses the same preview state when selecting an image from camera or gallery","duration":5306.170599999998,"failureMessages":[],"meta":{}},{"ancestorTitles":["Register avatar capture"],"fullName":"Register avatar capture keeps the register payload unchanged even when an avatar preview was selected","status":"passed","title":"keeps the register payload unchanged even when an avatar preview was selected","duration":4626.809800000003,"failureMessages":[],"meta":{}},{"ancestorTitles":["Register password visibility"],"fullName":"Register password visibility starts step 2 with hidden password fields and icon controls to reveal them","status":"passed","title":"starts step 2 with hidden password fields and icon controls to reveal them","duration":1414.6036999999924,"failureMessages":[],"meta":{}},{"ancestorTitles":["Register password visibility"],"fullName":"Register password visibility reveals only the primary password field and preserves its value","status":"passed","title":"reveals only the primary password field and preserves its value","duration":1430.4786000000022,"failureMessages":[],"meta":{}},{"ancestorTitles":["Register password visibility"],"fullName":"Register password visibility reveals the confirm password field independently and preserves its value","status":"passed","title":"reveals the confirm password field independently and preserves its value","duration":1345.8522999999986,"failureMessages":[],"meta":{}},{"ancestorTitles":["Register password visibility"],"fullName":"Register password visibility keeps password requirements and match validation accurate while fields are visible","status":"passed","title":"keeps password requirements and match validation accurate while fields are visible","duration":2638.9870999999985,"failureMessages":[],"meta":{}},{"ancestorTitles":["Register password visibility"],"fullName":"Register password visibility does not submit or advance the wizard when a reveal icon is clicked","status":"passed","title":"does not submit or advance the wizard when a reveal icon is clicked","duration":2432.3266000000003,"failureMessages":[],"meta":{}}],"startTime":1772824958296,"endTime":1772824984305.3267,"status":"passed","message":"","name":"D:/Proyectos/polla-ui/apps/web/views/Register.test.tsx"}]}